<?xml version="1.0" encoding="UTF-8"?>
<testng-results ignored="0" total="1" passed="1" failed="0" skipped="0">
  <reporter-output>
  </reporter-output>
  <suite started-at="2025-01-21T15:03:56 IST" name="Suite" finished-at="2025-01-21T15:04:00 IST" duration-ms="4357">
    <groups>
    </groups>
    <test started-at="2025-01-21T15:03:56 IST" name="Test" finished-at="2025-01-21T15:04:00 IST" duration-ms="4357">
      <class name="demo.test.Login">
        <test-method is-config="true" signature="Steup()[pri:0, instance:demo.test.Login@63021689]" started-at="2025-01-21T15:03:56 IST" name="Steup" finished-at="2025-01-21T15:04:00 IST" duration-ms="3547" status="PASS">
          <reporter-output>
          </reporter-output>
        </test-method> <!-- Steup -->
        <test-method signature="LoginWithvalidCredentials()[pri:1, instance:demo.test.Login@63021689]" started-at="2025-01-21T15:04:00 IST" name="LoginWithvalidCredentials" finished-at="2025-01-21T15:04:00 IST" duration-ms="542" status="PASS">
          <reporter-output>
          </reporter-output>
        </test-method> <!-- LoginWithvalidCredentials -->
        <test-method is-config="true" signature="teardown()[pri:0, instance:demo.test.Login@63021689]" started-at="2025-01-21T15:04:00 IST" name="teardown" finished-at="2025-01-21T15:04:00 IST" duration-ms="217" status="PASS">
          <reporter-output>
          </reporter-output>
        </test-method> <!-- teardown -->
      </class> <!-- demo.test.Login -->
    </test> <!-- Test -->
  </suite> <!-- Suite -->
</testng-results>
