<?xml version="1.0" encoding="UTF-8"?>
<testng-results ignored="0" total="1" passed="1" failed="0" skipped="0">
  <reporter-output>
  </reporter-output>
  <suite started-at="2025-01-21T13:29:22 IST" name="Default suite" finished-at="2025-01-21T13:29:25 IST" duration-ms="3219">
    <groups>
    </groups>
    <test started-at="2025-01-21T13:29:22 IST" name="Default test" finished-at="2025-01-21T13:29:25 IST" duration-ms="3219">
      <class name="demo.test.Login">
        <test-method is-config="true" signature="Steup()[pri:0, instance:demo.test.Login@4f83df68]" started-at="2025-01-21T13:29:22 IST" name="Steup" finished-at="2025-01-21T13:29:25 IST" duration-ms="2613" status="PASS">
          <reporter-output>
          </reporter-output>
        </test-method> <!-- Steup -->
        <test-method signature="LoginWithvalidCredentials()[pri:1, instance:demo.test.Login@4f83df68]" started-at="2025-01-21T13:29:25 IST" name="LoginWithvalidCredentials" finished-at="2025-01-21T13:29:25 IST" duration-ms="435" status="PASS">
          <reporter-output>
          </reporter-output>
        </test-method> <!-- LoginWithvalidCredentials -->
        <test-method is-config="true" signature="teardown()[pri:0, instance:demo.test.Login@4f83df68]" started-at="2025-01-21T13:29:25 IST" name="teardown" finished-at="2025-01-21T13:29:25 IST" duration-ms="132" status="PASS">
          <reporter-output>
          </reporter-output>
        </test-method> <!-- teardown -->
      </class> <!-- demo.test.Login -->
    </test> <!-- Default test -->
  </suite> <!-- Default suite -->
</testng-results>
