<?xml version="1.0" encoding="UTF-8"?>
<testng-results ignored="0" total="1" passed="1" failed="0" skipped="0">
  <reporter-output>
  </reporter-output>
  <suite started-at="2025-01-21T17:05:45 IST" name="Suite" finished-at="2025-01-21T17:05:47 IST" duration-ms="2898">
    <groups>
    </groups>
    <test started-at="2025-01-21T17:05:45 IST" name="Test" finished-at="2025-01-21T17:05:47 IST" duration-ms="2898">
      <class name="demo.test.Login">
        <test-method is-config="true" signature="Steup()[pri:0, instance:demo.test.Login@3932c79a]" started-at="2025-01-21T17:05:45 IST" name="Steup" finished-at="2025-01-21T17:05:47 IST" duration-ms="2041" status="PASS">
          <reporter-output>
          </reporter-output>
        </test-method> <!-- Steup -->
        <test-method signature="LoginWithvalidCredentials()[pri:1, instance:demo.test.Login@3932c79a]" started-at="2025-01-21T17:05:47 IST" name="LoginWithvalidCredentials" finished-at="2025-01-21T17:05:47 IST" duration-ms="605" status="PASS">
          <reporter-output>
          </reporter-output>
        </test-method> <!-- LoginWithvalidCredentials -->
        <test-method is-config="true" signature="teardown()[pri:0, instance:demo.test.Login@3932c79a]" started-at="2025-01-21T17:05:47 IST" name="teardown" finished-at="2025-01-21T17:05:47 IST" duration-ms="194" status="PASS">
          <reporter-output>
          </reporter-output>
        </test-method> <!-- teardown -->
      </class> <!-- demo.test.Login -->
    </test> <!-- Test -->
  </suite> <!-- Suite -->
</testng-results>
